<?xml version="1.0" encoding="UTF-8"?>
<testsuite name="com.reminder.webapi.WebapiApplicationTests" tests="1" skipped="0" failures="0" errors="0" timestamp="2021-10-08T13:23:41" hostname="dmitry-linux-pc" time="0.078">
  <properties/>
  <testcase name="contextLoads()" classname="com.reminder.webapi.WebapiApplicationTests" time="0.078"/>
  <system-out><![CDATA[16:23:38.411 [Test worker] DEBUG org.springframework.test.context.BootstrapUtils - Instantiating CacheAwareContextLoaderDelegate from class [org.springframework.test.context.cache.DefaultCacheAwareContextLoaderDelegate]
16:23:38.420 [Test worker] DEBUG org.springframework.test.context.BootstrapUtils - Instantiating BootstrapContext using constructor [public org.springframework.test.context.support.DefaultBootstrapContext(java.lang.Class,org.springframework.test.context.CacheAwareContextLoaderDelegate)]
16:23:38.440 [Test worker] DEBUG org.springframework.test.context.BootstrapUtils - Instantiating TestContextBootstrapper for test class [com.reminder.webapi.WebapiApplicationTests] from class [org.springframework.boot.test.context.SpringBootTestContextBootstrapper]
16:23:38.446 [Test worker] INFO org.springframework.boot.test.context.SpringBootTestContextBootstrapper - Neither @ContextConfiguration nor @ContextHierarchy found for test class [com.reminder.webapi.WebapiApplicationTests], using SpringBootContextLoader
16:23:38.447 [Test worker] DEBUG org.springframework.test.context.support.AbstractContextLoader - Did not detect default resource location for test class [com.reminder.webapi.WebapiApplicationTests]: class path resource [com/reminder/webapi/WebapiApplicationTests-context.xml] does not exist
16:23:38.448 [Test worker] DEBUG org.springframework.test.context.support.AbstractContextLoader - Did not detect default resource location for test class [com.reminder.webapi.WebapiApplicationTests]: class path resource [com/reminder/webapi/WebapiApplicationTestsContext.groovy] does not exist
16:23:38.448 [Test worker] INFO org.springframework.test.context.support.AbstractContextLoader - Could not detect default resource locations for test class [com.reminder.webapi.WebapiApplicationTests]: no resource found for suffixes {-context.xml, Context.groovy}.
16:23:38.448 [Test worker] INFO org.springframework.test.context.support.AnnotationConfigContextLoaderUtils - Could not detect default configuration classes for test class [com.reminder.webapi.WebapiApplicationTests]: WebapiApplicationTests does not declare any static, non-private, non-final, nested classes annotated with @Configuration.
16:23:38.468 [Test worker] DEBUG org.springframework.test.context.support.ActiveProfilesUtils - Could not find an 'annotation declaring class' for annotation type [org.springframework.test.context.ActiveProfiles] and class [com.reminder.webapi.WebapiApplicationTests]
16:23:38.495 [Test worker] DEBUG org.springframework.context.annotation.ClassPathScanningCandidateComponentProvider - Identified candidate component class: file [/home/dmitry/IdeaProjects/webapi/build/classes/java/main/com/reminder/webapi/WebapiApplication.class]
16:23:38.496 [Test worker] INFO org.springframework.boot.test.context.SpringBootTestContextBootstrapper - Found @SpringBootConfiguration com.reminder.webapi.WebapiApplication for test class com.reminder.webapi.WebapiApplicationTests
16:23:38.535 [Test worker] DEBUG org.springframework.boot.test.context.SpringBootTestContextBootstrapper - @TestExecutionListeners is not present for class [com.reminder.webapi.WebapiApplicationTests]: using defaults.
16:23:38.535 [Test worker] INFO org.springframework.boot.test.context.SpringBootTestContextBootstrapper - Loaded default TestExecutionListener class names from location [META-INF/spring.factories]: [org.springframework.boot.test.autoconfigure.restdocs.RestDocsTestExecutionListener, org.springframework.boot.test.autoconfigure.web.client.MockRestServiceServerResetTestExecutionListener, org.springframework.boot.test.autoconfigure.web.servlet.MockMvcPrintOnlyOnFailureTestExecutionListener, org.springframework.boot.test.autoconfigure.web.servlet.WebDriverTestExecutionListener, org.springframework.boot.test.autoconfigure.webservices.client.MockWebServiceServerTestExecutionListener, org.springframework.boot.test.mock.mockito.MockitoTestExecutionListener, org.springframework.boot.test.mock.mockito.ResetMocksTestExecutionListener, org.springframework.test.context.web.ServletTestExecutionListener, org.springframework.test.context.support.DirtiesContextBeforeModesTestExecutionListener, org.springframework.test.context.event.ApplicationEventsTestExecutionListener, org.springframework.test.context.support.DependencyInjectionTestExecutionListener, org.springframework.test.context.support.DirtiesContextTestExecutionListener, org.springframework.test.context.transaction.TransactionalTestExecutionListener, org.springframework.test.context.jdbc.SqlScriptsTestExecutionListener, org.springframework.test.context.event.EventPublishingTestExecutionListener]
16:23:38.542 [Test worker] INFO org.springframework.boot.test.context.SpringBootTestContextBootstrapper - Using TestExecutionListeners: [org.springframework.test.context.web.ServletTestExecutionListener@6f8f9349, org.springframework.test.context.support.DirtiesContextBeforeModesTestExecutionListener@75c9e76b, org.springframework.test.context.event.ApplicationEventsTestExecutionListener@7446d8d5, org.springframework.boot.test.mock.mockito.MockitoTestExecutionListener@5c3b6c6e, org.springframework.boot.test.autoconfigure.SpringBootDependencyInjectionTestExecutionListener@4fbda97b, org.springframework.test.context.support.DirtiesContextTestExecutionListener@75f5fd58, org.springframework.test.context.transaction.TransactionalTestExecutionListener@37b70343, org.springframework.test.context.jdbc.SqlScriptsTestExecutionListener@306851c7, org.springframework.test.context.event.EventPublishingTestExecutionListener@12bcd0c0, org.springframework.boot.test.autoconfigure.restdocs.RestDocsTestExecutionListener@4879f0f2, org.springframework.boot.test.autoconfigure.web.client.MockRestServiceServerResetTestExecutionListener@47db5fa5, org.springframework.boot.test.autoconfigure.web.servlet.MockMvcPrintOnlyOnFailureTestExecutionListener@354fc8f0, org.springframework.boot.test.autoconfigure.web.servlet.WebDriverTestExecutionListener@41813449, org.springframework.boot.test.autoconfigure.webservices.client.MockWebServiceServerTestExecutionListener@4678a2eb, org.springframework.boot.test.mock.mockito.ResetMocksTestExecutionListener@5b43fbf6]
16:23:38.544 [Test worker] DEBUG org.springframework.test.context.support.AbstractDirtiesContextTestExecutionListener - Before test class: context [DefaultTestContext@79da1ec0 testClass = WebapiApplicationTests, testInstance = [null], testMethod = [null], testException = [null], mergedContextConfiguration = [WebMergedContextConfiguration@19fb8826 testClass = WebapiApplicationTests, locations = '{}', classes = '{class com.reminder.webapi.WebapiApplication}', contextInitializerClasses = '[]', activeProfiles = '{}', propertySourceLocations = '{}', propertySourceProperties = '{org.springframework.boot.test.context.SpringBootTestContextBootstrapper=true}', contextCustomizers = set[org.springframework.boot.test.autoconfigure.actuate.metrics.MetricsExportContextCustomizerFactory$DisableMetricExportContextCustomizer@73302995, org.springframework.boot.test.autoconfigure.properties.PropertyMappingContextCustomizer@0, org.springframework.boot.test.autoconfigure.web.servlet.WebDriverContextCustomizerFactory$Customizer@6f44a157, org.springframework.boot.test.context.filter.ExcludeFilterContextCustomizer@16eccb2e, org.springframework.boot.test.json.DuplicateJsonObjectContextCustomizerFactory$DuplicateJsonObjectContextCustomizer@36b4091c, org.springframework.boot.test.mock.mockito.MockitoContextCustomizer@0, org.springframework.boot.test.web.client.TestRestTemplateContextCustomizer@74bf1791, org.springframework.boot.test.context.SpringBootTestArgs@1, org.springframework.boot.test.context.SpringBootTestWebEnvironment@2d2ffcb7], resourceBasePath = 'src/main/webapp', contextLoader = 'org.springframework.boot.test.context.SpringBootContextLoader', parent = [null]], attributes = map['org.springframework.test.context.web.ServletTestExecutionListener.activateListener' -> true]], class annotated with @DirtiesContext [false] with mode [null].
16:23:38.558 [Test worker] DEBUG org.springframework.test.context.support.TestPropertySourceUtils - Adding inlined properties to environment: {spring.jmx.enabled=false, org.springframework.boot.test.context.SpringBootTestContextBootstrapper=true}

  .   ____          _            __ _ _
 /\\ / ___'_ __ _ _(_)_ __  __ _ \ \ \ \
( ( )\___ | '_ | '_| | '_ \/ _` | \ \ \ \
 \\/  ___)| |_)| | | | | || (_| |  ) ) ) )
  '  |____| .__|_| |_|_| |_\__, | / / / /
 =========|_|==============|___/=/_/_/_/
 :: Spring Boot ::                (v2.5.5)

2021-10-08 16:23:38.686  INFO 46038 --- [    Test worker] c.r.webapi.WebapiApplicationTests        : Starting WebapiApplicationTests using Java 17 on dmitry-linux-pc with PID 46038 (started by dmitry in /home/dmitry/IdeaProjects/webapi)
2021-10-08 16:23:38.688  INFO 46038 --- [    Test worker] c.r.webapi.WebapiApplicationTests        : No active profile set, falling back to default profiles: default
2021-10-08 16:23:39.044  INFO 46038 --- [    Test worker] .s.d.r.c.RepositoryConfigurationDelegate : Bootstrapping Spring Data JPA repositories in DEFAULT mode.
2021-10-08 16:23:39.076  INFO 46038 --- [    Test worker] .s.d.r.c.RepositoryConfigurationDelegate : Finished Spring Data repository scanning in 25 ms. Found 2 JPA repository interfaces.
2021-10-08 16:23:39.302  INFO 46038 --- [    Test worker] trationDelegate$BeanPostProcessorChecker : Bean 'org.springframework.security.access.expression.method.DefaultMethodSecurityExpressionHandler@d4df0e' of type [org.springframework.security.access.expression.method.DefaultMethodSecurityExpressionHandler] is not eligible for getting processed by all BeanPostProcessors (for example: not eligible for auto-proxying)
2021-10-08 16:23:39.308  INFO 46038 --- [    Test worker] trationDelegate$BeanPostProcessorChecker : Bean 'methodSecurityMetadataSource' of type [org.springframework.security.access.method.DelegatingMethodSecurityMetadataSource] is not eligible for getting processed by all BeanPostProcessors (for example: not eligible for auto-proxying)
2021-10-08 16:23:39.409  INFO 46038 --- [    Test worker] com.zaxxer.hikari.HikariDataSource       : HikariPool-1 - Starting...
2021-10-08 16:23:39.502  INFO 46038 --- [    Test worker] com.zaxxer.hikari.HikariDataSource       : HikariPool-1 - Start completed.
2021-10-08 16:23:39.537  INFO 46038 --- [    Test worker] o.hibernate.jpa.internal.util.LogHelper  : HHH000204: Processing PersistenceUnitInfo [name: default]
2021-10-08 16:23:39.563  INFO 46038 --- [    Test worker] org.hibernate.Version                    : HHH000412: Hibernate ORM core version 5.4.32.Final
2021-10-08 16:23:39.628  INFO 46038 --- [    Test worker] o.hibernate.annotations.common.Version   : HCANN000001: Hibernate Commons Annotations {5.1.2.Final}
2021-10-08 16:23:39.683  INFO 46038 --- [    Test worker] org.hibernate.dialect.Dialect            : HHH000400: Using dialect: org.hibernate.dialect.PostgreSQL10Dialect
2021-10-08 16:23:40.014  INFO 46038 --- [    Test worker] o.h.e.t.j.p.i.JtaPlatformInitiator       : HHH000490: Using JtaPlatform implementation: [org.hibernate.engine.transaction.jta.platform.internal.NoJtaPlatform]
2021-10-08 16:23:40.018  INFO 46038 --- [    Test worker] j.LocalContainerEntityManagerFactoryBean : Initialized JPA EntityManagerFactory for persistence unit 'default'
2021-10-08 16:23:40.058  WARN 46038 --- [    Test worker] JpaBaseConfiguration$JpaWebConfiguration : spring.jpa.open-in-view is enabled by default. Therefore, database queries may be performed during view rendering. Explicitly configure spring.jpa.open-in-view to disable this warning
2021-10-08 16:23:40.582  INFO 46038 --- [    Test worker] o.s.s.web.DefaultSecurityFilterChain     : Will secure any request with [org.springframework.security.web.context.request.async.WebAsyncManagerIntegrationFilter@6094ad4, org.springframework.security.web.context.SecurityContextPersistenceFilter@7f09ff10, org.springframework.security.web.header.HeaderWriterFilter@14580edc, org.springframework.security.web.authentication.logout.LogoutFilter@4be1c797, org.springframework.security.web.authentication.UsernamePasswordAuthenticationFilter@65b1693c, org.springframework.security.web.authentication.www.BasicAuthenticationFilter@2aa65672, org.springframework.security.web.savedrequest.RequestCacheAwareFilter@3c65f2e1, org.springframework.security.web.servletapi.SecurityContextHolderAwareRequestFilter@4a7ac98b, org.springframework.security.web.authentication.AnonymousAuthenticationFilter@3986b9e9, org.springframework.security.web.session.SessionManagementFilter@5e8e02a3, org.springframework.security.web.access.ExceptionTranslationFilter@6ac4f31d, org.springframework.security.web.access.intercept.FilterSecurityInterceptor@4dd425dc]
2021-10-08 16:23:40.858  INFO 46038 --- [    Test worker] o.s.b.a.w.s.WelcomePageHandlerMapping    : Adding welcome page template: index
2021-10-08 16:23:41.102  INFO 46038 --- [    Test worker] c.r.webapi.WebapiApplicationTests        : Started WebapiApplicationTests in 2.54 seconds (JVM running for 3.13)
]]></system-out>
  <system-err><![CDATA[]]></system-err>
</testsuite>
